FunSuite
package pdbartlett.hello_sbt                                                                        

import org.scalatest.FunSuite                                                                       

class SanityTest extends FunSuite {                                                                 

  test("a simple test") {                                                                           
    assert(true)                                                                                    
  }                                                                                                 

  test("a very slightly more complicated test - purposely fails") {                                 
    assert(42 === (6 * 9))                                                                          
  }                                                                                                 
}

import sbt._                                                                                        

class HelloSbtProject(info: ProjectInfo) extends DefaultProject(info) {                             

  // Dummy action, just to show config working OK.                                                  
  lazy val solveQ = task { println("42"); None }                                                    

  // Managed dependencies                                                                           
  val scalatest = "org.scalatest" % "scalatest" % "1.0" % "test"                                    
}

sbt test
...
[info] == test-compile ==
[info]   Source analysis: 0 new/modified, 0 indirectly invalidated, 0 removed.
[info] Compiling test sources...
[info] Nothing to compile.
[warn] Could not load superclass 'org.scalacheck.Properties' : java.lang.ClassNotFoundException: org.scalacheck.Properties
[warn] Could not load superclass 'org.specs.Specification' : java.lang.ClassNotFoundException: org.specs.Specification
[warn] Could not load superclass 'org.specs.Specification' : java.lang.ClassNotFoundException: org.specs.Specification
[info]   Post-analysis: 3 classes.
[info] == test-compile ==
...

