11/8/11 10:45:23 AM : [ERROR] ............\Simple.java:[86,10] cannot find symbol
symbol  : variable ExecutorObject
location: class com.ms.scala.Simple
11/8/11 10:45:23 AM : [INFO] 2 errors 
11/8/11 10:45:23 AM : [INFO] -------------------------------------------------------------
11/8/11 10:45:23 AM : Build errors for Project; org.apache.maven.lifecycle.LifecycleExecutionException: Failed to execute goal org.apache.maven.plugins:maven-compiler-plugin:2.3.2:compile (default-compile) on project : Compilation failure

actor {

CustomActor ! Message

}

