/home/someone/Source/src/._regex.cpp:1:1: warning: null character(s) ignored
/home/someone/Source/src/._regex.cpp:1: error: stray ‘\5’ in program
/home/someone/Source/src/._regex.cpp:1: error: stray ‘\26’ in program
/home/someone/Source/src/._regex.cpp:1: error: stray ‘\7’ in program
/home/someone/Source/src/._regex.cpp:1:5: warning: null character(s) ignored
/home/someone/Source/src/._regex.cpp:1: error: stray ‘\2’ in program
...

regex.cpp
