#include "stdafx.h"
#define BOOST_TEST_MODULE stringtest
#include <boost/test/unit_test.hpp>
//#include "mystring.h"

BOOST_AUTO_TEST_SUITE(stringtest) // name of the test suite is stringtest

BOOST_AUTO_TEST_CASE(test1)
{
  /*
  mystring s;
  BOOST_CHECK(s.size() == 0);
  */
  BOOST_CHECK(0 == 0);
}

BOOST_AUTO_TEST_CASE(test2)
{
  /*
  mystring s;
  s.setbuffer("hello world");
  BOOST_REQUIRE_EQUAL('h', s[0]); // basic test
  */
   BOOST_CHECK(0 == 0);
}

BOOST_AUTO_TEST_SUITE_END()

#ifdef _MYSTRING
#define _MYSTRING

class mystring {
   char* buffer;
   int length;
   public:
      void setbuffer(char* s) { buffer s = s; length = strlen(s); }
      char& operator[ ] (const int index) { return buffer[index]; }
      int size() {return length; }
}

#endif

1>c:\users\andy\documents\visual studio 2005\projects\unittesttests\unittesttests\unittesttests.cpp(7) : error C2065: 'stringtest' : undeclared identifier
1>c:\users\andy\documents\visual studio 2005\projects\unittesttests\unittesttests\unittesttests.cpp(9) : error C4430: missing type specifier - int assumed. Note: C++ does not support default-int
1>c:\users\andy\documents\visual studio 2005\projects\unittesttests\unittesttests\unittesttests.cpp(9) : error C2146: syntax error : missing ';' before identifier 'BOOST_AUTO_TEST_CASE'
1>c:\users\andy\documents\visual studio 2005\projects\unittesttests\unittesttests\unittesttests.cpp(9) : error C2065: 'test1' : undeclared identifier
1>c:\users\andy\documents\visual studio 2005\projects\unittesttests\unittesttests\unittesttests.cpp(10) : error C2448: 'BOOST_AUTO_TEST_CASE' : function-style initializer appears to be a function definition
1>c:\users\andy\documents\visual studio 2005\projects\unittesttests\unittesttests\unittesttests.cpp(18) : error C2065: 'test2' : undeclared identifier
1>c:\users\andy\documents\visual studio 2005\projects\unittesttests\unittesttests\unittesttests.cpp(19) : error C2448: 'BOOST_AUTO_TEST_CASE' : function-style initializer appears to be a function definition
1>c:\users\andy\documents\visual studio 2005\projects\unittesttests\unittesttests\unittesttests.cpp(29) : fatal error C1004: unexpected end-of-file found

