test.cpp:26: error: expected primary-expression before '>' token
test.cpp:26: error: expected primary-expression before ')' token

bar.value("yoyo")
class Foo
{
public:
  template<typename T> bool doIt() const { return true; }
};

class Bar
{
public:
  Foo value(const char * key)
  {
    return Foo();
  }
};

template<typename T>
void
mytestfunc()
{
   Bar bar;
   // Works fine:
   Foo foo = bar.value("yoyo");
   foo.doIt<T>();

   // Does not work on gcc 3.4.6:
   bar.value("yoyo").doIt<T>();
}

int main(int argc, char * args[])
{
  return 0;
}

