1.  While type-checking 'profile' at /Users/fratelli/Documents/Projects/Wink/Wink/OAuthFacebookSession.swift:118:14
2.  While type-checking expression at [/Users/fratelli/Documents/Projects/Wink/Wink/OAuthFacebookSession.swift:139:9 - line:142:9] RangeText="FBRequestConnection.startWithGraphPath(
            self.readPermissions(),
            completionHandler: completionHandler
        )"
<unknown>:0: error: unable to execute command: Segmentation fault: 11
<unknown>:0: error: swift frontend command failed due to signal (use -v to see invocation)
Command /Applications/Xcode6-Beta3.app/Contents/Developer/Toolchains/XcodeDefault.xctoolchain/usr/bin/swift failed with exit code 254

    var completionHandler = {
        connection, result, error in
    } as FBSessionStateHandler;

    // Request the profile info
    FBRequestConnection.startWithGraphPath(
        "me?fields=birthday,gender,first_name,last_name,name_format,picture",
        completionHandler: completionHandler
    );

