class TestClass<T>{ 
    enum TestEnum {
        case test
    }  
}

1.  While type-checking 'ExampleTest' at /Users/xxx/xxx/xx/xx/ExampleTest.swift:11:1
<unknown>:0: error: unable to execute command: Segmentation fault: 11
<unknown>:0: error: swift frontend command failed due to signal (use -v to see invocation)
Command /Applications/Xcode6-Beta3 2.app/Contents/Developer/Toolchains/XcodeDefault.xctoolchain/usr/bin/swift failed with exit code 254

class TestClass{ 
    enum TestEnum {
        case test
    }  
}

class TestClass<T>{ 
}

