[buildout]
parts = zope

[zope]
recipe = plone.recipe.zope2install
eggs = 

An internal error occured due to a bug in either zc.buildout or in a
recipe being used:
Traceback (most recent call last):
  File "/tmp/tmp2wqykW/zc.buildout-1.3.0-py2.4.egg/zc/buildout/buildout.py", line 1519, in main
  File "/tmp/tmp2wqykW/zc.buildout-1.3.0-py2.4.egg/zc/buildout/buildout.py", line 357, in install
  File "/tmp/tmp2wqykW/zc.buildout-1.3.0-py2.4.egg/zc/buildout/buildout.py", line 898, in __getitem__
  File "/tmp/tmp2wqykW/zc.buildout-1.3.0-py2.4.egg/zc/buildout/buildout.py", line 982, in _initialize
  File "/home/analyser/site/eggs/plone.recipe.zope2install-3.1-py2.4.egg/plone/recipe/zope2install/__init__.py", line 73, in __init__
    assert self.location or self.svn or self.url
AssertionError

