python setup.py build

src/module.c:286: error: ‘SQLITE_PRAGMA’ undeclared here (not in a function)
src/module.c:287: error: ‘SQLITE_READ’ undeclared here (not in a function)
src/module.c:288: error: ‘SQLITE_SELECT’ undeclared here (not in a function)
src/module.c:289: error: ‘SQLITE_TRANSACTION’ undeclared here (not in a function)
src/module.c:290: error: ‘SQLITE_UPDATE’ undeclared here (not in a function)
src/module.c:291: error: ‘SQLITE_ATTACH’ undeclared here (not in a function)
src/module.c:292: error: ‘SQLITE_DETACH’ undeclared here (not in a function)
src/module.c: In function ‘init_sqlite’:
src/module.c:419: warning: implicit declaration of function ‘sqlite3_libversion’
src/module.c:419: warning: passing argument 1 of ‘PyString_FromString’ makes pointer from integer without a cast
error: command 'gcc' failed with exit status 1

python setup.py install

src/module.c:288: error: ‘SQLITE_SELECT’ undeclared here (not in a function)
src/module.c:289: error: ‘SQLITE_TRANSACTION’ undeclared here (not in a function)
src/module.c:290: error: ‘SQLITE_UPDATE’ undeclared here (not in a function)
src/module.c:291: error: ‘SQLITE_ATTACH’ undeclared here (not in a function)
src/module.c:292: error: ‘SQLITE_DETACH’ undeclared here (not in a function)
src/module.c: In function ‘init_sqlite’:
src/module.c:419: warning: implicit declaration of function ‘sqlite3_libversion’
src/module.c:419: warning: passing argument 1 of ‘PyString_FromString’ makes pointer from integer without a cast
error: command 'gcc' failed with exit status 1

from pysqlite2 import *

from pysqlite2 import dbapi2 as sqlite

Traceback (most recent call last):
  File "<stdin>", line 1, in <module>
  File "pysqlite2/dbapi2.py", line 27, in <module>
    from pysqlite2._sqlite import *
ImportError: No module named _sqlite

