boost_devel
/opt/csw/include/boost
/usr/include/boost
easy_install shoutpy
munderwo@opensolaris-test1:/usr/include$ pfexec easy_install shoutpy
Searching for shoutpy
Reading http://pypi.python.org/simple/shoutpy/
Reading http://dingoskidneys.com/shoutpy/
Best match: shoutpy 1.0.0
Downloading http://dingoskidneys.com/shoutpy/shoutpy-1.0.0.tar.gz
Processing shoutpy-1.0.0.tar.gz
Running shoutpy-1.0.0/setup.py -q bdist_egg --dist-dir /tmp/easy_install-w7XQfv/shoutpy-1.0.0/egg-dist-tmp-k11Dky
In file included from /usr/include/boost/python/object/make_instance.hpp:9,
                 from /usr/include/boost/python/object/make_ptr_instance.hpp:8,
                 from /usr/include/boost/python/to_python_indirect.hpp:11,
                 from /usr/include/boost/python/converter/arg_to_python.hpp:10,
                 from /usr/include/boost/python/call.hpp:15,
                 from /usr/include/boost/python/object_core.hpp:12,
                 from /usr/include/boost/python/args.hpp:25,
                 from /usr/include/boost/python.hpp:11,
                 from shoutpy.cc:26:
/usr/include/boost/python/object/instance.hpp:44: error: a casts to a type other than an integral or enumeration type cannot appear in a constant-expression
/usr/include/boost/python/object/instance.hpp:44: error: '->' cannot appear in a constant-expression
/usr/include/boost/python/object/instance.hpp:44: error: `&' cannot appear in a constant-expression
In file included from /usr/include/boost/python/converter/registry.hpp:9,
                 from /usr/include/boost/python/converter/registered.hpp:8,
                 from /usr/include/boost/python/object/make_instance.hpp:10,
                 from /usr/include/boost/python/object/make_ptr_instance.hpp:8,
                 from /usr/include/boost/python/to_python_indirect.hpp:11,
                 from /usr/include/boost/python/converter/arg_to_python.hpp:10,
                 from /usr/include/boost/python/call.hpp:15,
                 from /usr/include/boost/python/object_core.hpp:12,
                 from /usr/include/boost/python/args.hpp:25,
                 from /usr/include/boost/python.hpp:11,
                 from shoutpy.cc:26:
/usr/include/boost/python/converter/rvalue_from_python_data.hpp:99: error: '->' cannot appear in a constant-expression
/usr/include/boost/python/converter/rvalue_from_python_data.hpp:99: error: `&' cannot appear in a constant-expression
/usr/include/boost/python/converter/rvalue_from_python_data.hpp:99: error: template argument 1 is invalid
/usr/include/boost/python/converter/rvalue_from_python_data.hpp:99: error: `value' is not a member of `<declaration error>'
error: Setup script exited with error: command '/usr/lib/python2.6/pycc' failed with exit status 1

