C:\Documents and Settings\dev\Desktop\deploy>fab
Traceback (most recent call last):
  File "C:\python\Scripts\fab-script.py", line 8, in <module>
    load_entry_point('fabric==0.1.1', 'console_scripts', 'fab')()
  File "c:\python\lib\site-packages\setuptools-0.6c9-py2.6.egg\pkg_resources.py"
, line 277, in load_entry_point
  File "c:\python\lib\site-packages\setuptools-0.6c9-py2.6.egg\pkg_resources.py"
, line 2180, in load_entry_point
  File "c:\python\lib\site-packages\setuptools-0.6c9-py2.6.egg\pkg_resources.py"
, line 1913, in load
  File "build\bdist.win32\egg\fabric.py", line 25, in <module>
**ImportError: No module named readline**

**easy_install readline**
Searching for readline
Reading http://pypi.python.org/simple/readline/
Reading http://www.python.org/
Best match: readline 2.6.4
Downloading http://pypi.python.org/packages/source/r/readline/readline-2.6.4.tar
.gz#md5=7568e8b78f383443ba57c9afec6f4285
Processing readline-2.6.4.tar.gz
Running readline-2.6.4\setup.py -q bdist_egg --dist-dir c:\docume~1\ji81b9~1.che
\locals~1\temp\easy_install-pzkz1a\readline-2.6.4\egg-dist-tmp-szs2ps
Traceback (most recent call last):
  File "C:\python\Scripts\easy_install-script.py", line 8, in <module>
    load_entry_point('setuptools==0.6c9', 'console_scripts', 'easy_install')()
  File "c:\python\lib\site-packages\setuptools-0.6c9-py2.6.egg\setuptools\comman
d\easy_install.py", line 1671, in main
  File "c:\python\lib\site-packages\setuptools-0.6c9-py2.6.egg\setuptools\comman
d\easy_install.py", line 1659, in with_ei_usage
  File "c:\python\lib\site-packages\setuptools-0.6c9-py2.6.egg\setuptools\comman
d\easy_install.py", line 1675, in <lambda>
  File "c:\python\lib\distutils\core.py", line 152, in setup
    dist.run_commands()
  File "c:\python\lib\distutils\dist.py", line 975, in run_commands
    self.run_command(cmd)
  File "c:\python\lib\distutils\dist.py", line 995, in run_command
    cmd_obj.run()
  File "c:\python\lib\site-packages\setuptools-0.6c9-py2.6.egg\setuptools\comman
d\easy_install.py", line 211, in run
  File "c:\python\lib\site-packages\setuptools-0.6c9-py2.6.egg\setuptools\comman
d\easy_install.py", line 446, in easy_install
  File "c:\python\lib\site-packages\setuptools-0.6c9-py2.6.egg\setuptools\comman
d\easy_install.py", line 476, in install_item
  File "c:\python\lib\site-packages\setuptools-0.6c9-py2.6.egg\setuptools\comman
d\easy_install.py", line 655, in install_eggs
  File "c:\python\lib\site-packages\setuptools-0.6c9-py2.6.egg\setuptools\comman
d\easy_install.py", line 930, in build_and_install
  File "c:\python\lib\site-packages\setuptools-0.6c9-py2.6.egg\setuptools\comman
d\easy_install.py", line 919, in run_setup
  File "c:\python\lib\site-packages\setuptools-0.6c9-py2.6.egg\setuptools\sandbo
x.py", line 27, in run_setup
  File "c:\python\lib\site-packages\setuptools-0.6c9-py2.6.egg\setuptools\sandbo
x.py", line 63, in run
  File "c:\python\lib\site-packages\setuptools-0.6c9-py2.6.egg\setuptools\sandbo
x.py", line 29, in <lambda>
  File "setup.py", line 93, in <module>
AttributeError: 'module' object has no attribute 'symlink'

