python setup.py build
running build
running build_py
[...]
building 'jcc' extension
error: None

python setup.py install
running install
[...]
copying jcc\config.py -> build\lib.win32-2.6\jcc
copying jcc\classes\org\osafoundation\jcc\PythonException.class -> build\lib.win32-2.6\jcc\classes\org\osafoundation\jcc
running build_ext
building 'jcc' extension
error: None

make
/cygdrive/f/Python26//python.exe -m jcc --shared --jar lucene-java-2.4.0/build/lucene-core-2.4.0.jar 
[...]
'doc:(I)Lorg/apache/lucene/document/Document;' --version 2.4.0 --files 2 --build

f:\Python26\python.exe: No module named jcc
make: *** [compile] Error 1

make
[...]
f:\Python26\python.exe: jcc is a package and cannot be directly executed
make: *** [compile] Error 1

