/usr/bin/perl install-module.pl DateTime
/usr/bin/perl install-module.pl DateTime::TimeZone
/usr/bin/perl install-module.pl Template

/usr/bin/perl /usr/local/share/perl/5.10.1/ExtUtils/xsubpp  -typemap /usr/share/perl/5.10/ExtUtils/typemap  Stash.xs > Stash.xsc && mv Stash.xsc Stash.c
cc -c   -D_REENTRANT -D_GNU_SOURCE -DDEBIAN -fno-strict-aliasing -pipe -fstack-protector -I/usr/local/include -D_LARGEFILE_SOURCE -D_FILE_OFFSET_BITS=64 -O2 -g   -DVERSION=\"2.22\" -DXS_VERSION=\"2.22\" -fPIC "-I/usr/lib/perl/5.10/CORE"   Stash.c
/bin/sh: cc: not found
make[1]: *** [Stash.o] Error 127
make[1]: Leaving directory `/root/.cpan/build/Template-Toolkit-2.22-xzQg_q/xs'
make: *** [subdirs] Error 2
  ABW/Template-Toolkit-2.22.tar.gz
  /usr/bin/make -- NOT OK
Skipping test because of notest pragma
Running make install
  Make had returned bad status, install seems impossible

