cabal install --extra-include-dirs=/usr/local/include \
              --extra-include-dirs=/usr/include regex-pcre

Resolving dependencies...
Configuring regex-pcre-0.94.2...
Preprocessing library regex-pcre-0.94.2...
In file included from /Library/Frameworks/GHC.framework/Versions/7.0.2-i386/usr/lib/ghc-7.0.2/include/HsFFI.h:68,
                 from /Library/Frameworks/GHC.framework/Versions/7.0.2-i386/usr/lib/ghc-7.0.2/template-hsc.h:4,
                 from dist/build/Text/Regex/PCRE/Wrap_hsc_make.c:1:
/usr/include/float.h:8:24: error: float.h: No such file or directory
In file included from /Library/Frameworks/GHC.framework/Versions/7.0.2-i386/usr/lib/ghc-7.0.2/template-hsc.h:9,
                 from dist/build/Text/Regex/PCRE/Wrap_hsc_make.c:1:
/usr/include/stdarg.h:4:25: error: stdarg.h: No such file or directory
compiling dist/build/Text/Regex/PCRE/Wrap_hsc_make.c failed (exit code 1)
command was: /usr/bin/gcc -c dist/build/Text/Regex/PCRE/Wrap_hsc_make.c -o dist/build/Text/Regex/PCRE/Wrap_hsc_make.o -march=i686 -m32 -isysroot /Developer/SDKs/MacOSX10.5.sdk -mmacosx-version-min=10.5 -fno-stack-protector -march=i686 -m32 -isysroot /Developer/SDKs/MacOSX10.5.sdk -mmacosx-version-min=10.5 -fno-stack-protector -march=i686 -m32 -isysroot /Developer/SDKs/MacOSX10.5.sdk -mmacosx-version-min=10.5 -D__GLASGOW_HASKELL__=700 -Ddarwin_BUILD_OS -Ddarwin_HOST_OS -Di386_BUILD_ARCH -Di386_HOST_ARCH -I/usr/include -I/usr/local/include -DHAVE_PCRE_H -DSPLIT_BASE=1 -I/Library/Frameworks/GHC.framework/Versions/7.0.2-i386/usr/lib/ghc-7.0.2/bytestring-0.9.1.10/include -I/Library/Frameworks/GHC.framework/Versions/7.0.2-i386/usr/lib/ghc-7.0.2/base-4.3.1.0/include -I/Library/Frameworks/GHC.framework/Versions/7.0.2-i386/usr/lib/ghc-7.0.2/include -I/Library/Frameworks/GHC.framework/Versions/7.0.2-i386/usr/lib/ghc-7.0.2/include -I/Library/Frameworks/GHC.framework/Versions/7.0.2-i386/usr/lib/ghc-7.0.2/include/
cabal: Error: some packages failed to install:
regex-pcre-0.94.2 failed during the building phase. The exception was:
ExitFailure 1

float.h
/usr/include/float.h:8:24: error: float.h: No such file or directory

#include_next <float.h>

float.h
$ gcc --version
i686-apple-darwin10-gcc-4.2.1 (GCC) 4.2.1 (Apple Inc. build 5666) (dot 3)

$ ghc --version
The Glorious Glasgow Haskell Compilation System, version 7.0.2

